c:\users\zmeisel\documents\visual studio 2015\projects\tictacto\tictacto\x64\debug\vc140.pdb
c:\users\zmeisel\documents\visual studio 2015\projects\tictacto\tictacto\x64\debug\.netframework,version=v4.5.2.assemblyattributes.obj
c:\users\zmeisel\documents\visual studio 2015\projects\tictacto\tictacto\x64\debug\.netframework,version=v4.5.2.assemblyattributes.asm
c:\users\zmeisel\documents\visual studio 2015\projects\tictacto\tictacto\x64\debug\myform.obj
c:\users\zmeisel\documents\visual studio 2015\projects\tictacto\tictacto\x64\debug\tictacto.myform.resources
c:\users\zmeisel\documents\visual studio 2015\projects\tictacto\tictacto\x64\debug\tictacto.vcxproj.generateresource.cache
c:\users\zmeisel\documents\visual studio 2015\projects\tictacto\tictacto\x64\debug\tictacto.vcxprojresolveassemblyreference.cache
c:\users\zmeisel\documents\visual studio 2015\projects\tictacto\tictacto\x64\debug\tictacto.tlog\cl.command.1.tlog
c:\users\zmeisel\documents\visual studio 2015\projects\tictacto\tictacto\x64\debug\tictacto.tlog\cl.read.1.tlog
c:\users\zmeisel\documents\visual studio 2015\projects\tictacto\tictacto\x64\debug\tictacto.tlog\cl.write.1.tlog
c:\users\zmeisel\documents\visual studio 2015\projects\tictacto\tictacto\x64\debug\tictacto.tlog\link.3696.read.1.tlog
c:\users\zmeisel\documents\visual studio 2015\projects\tictacto\tictacto\x64\debug\tictacto.tlog\link.3696.write.1.tlog
c:\users\zmeisel\documents\visual studio 2015\projects\tictacto\tictacto\x64\debug\tictacto.tlog\link.7280.read.1.tlog
c:\users\zmeisel\documents\visual studio 2015\projects\tictacto\tictacto\x64\debug\tictacto.tlog\link.7280.write.1.tlog
c:\users\zmeisel\documents\visual studio 2015\projects\tictacto\tictacto\x64\debug\tictacto.tlog\link.command.1.tlog
c:\users\zmeisel\documents\visual studio 2015\projects\tictacto\tictacto\x64\debug\tictacto.tlog\link.read.1.tlog
c:\users\zmeisel\documents\visual studio 2015\projects\tictacto\tictacto\x64\debug\tictacto.tlog\link.write.1.tlog
c:\users\zmeisel\documents\visual studio 2015\projects\tictacto\tictacto\x64\debug\tictacto.tlog\metagen.read.1.tlog
c:\users\zmeisel\documents\visual studio 2015\projects\tictacto\tictacto\x64\debug\tictacto.tlog\metagen.write.1.tlog
c:\users\zmeisel\documents\visual studio 2015\projects\tictacto\tictacto\x64\debug\tictacto.tlog\tictacto.write.1u.tlog
c:\users\zmeisel\documents\visual studio 2015\projects\tictacto\tictacto\x64\debug\tictacto.tlog\rsaenh.dll.bi
c:\users\zmeisel\documents\visual studio 2015\projects\tictacto\tictacto\x64\debug\tictacto.tlog\tzres.dll.bi
